<?xml version="1.0" encoding="UTF-8"?>
<!-- Generated by org.testng.reporters.JUnitXMLReporter -->
<testsuite ignored="0" hostname="EDVAKPC-62" failures="0" tests="2" name="TestCases1" time="235.373" errors="0" timestamp="2025-06-19T12:01:59 IST">
  <testcase classname="com.Edvak_EHR_Automation_V1.testCases.TC_Payment" name="testQuickRegistration" time="26.141"/>
  <testcase classname="com.Edvak_EHR_Automation_V1.testCases.TC_Payment" name="payment" time="207.58"/>
</testsuite> <!-- TestCases1 -->
