<?xml version="1.0" encoding="UTF-8"?>
<!-- Generated by org.testng.reporters.JUnitXMLReporter -->
<testsuite ignored="0" hostname="EDVAKPC-62" failures="0" tests="3" name="Command line test" time="0.03" errors="0" timestamp="2024-09-19T12:58:11 IST">
  <testcase classname="com.Edvak_EHR_Automation_V1.testCases.BaseClass" name="@BeforeClass setup" time="-1.726730891363E9">
    <failure type="org.testng.TestNGException" message="
Parameter &amp;apos;browser&amp;apos; is required by BeforeClass on method setup but has not been marked @Optional or defined
">
      <![CDATA[org.testng.TestNGException: 
Parameter 'browser' is required by BeforeClass on method setup but has not been marked @Optional or defined

at java.base/java.util.ArrayList.forEach(ArrayList.java:1511)
at com.Edvak_EHR_Automation_V1.testCases.TC_Payment.TestFirstclass(TC_Payment.java:32)
at java.base/java.util.ArrayList.forEach(ArrayList.java:1511)
... Removed 50 stack frames]]>
    </failure>
  </testcase> <!-- @BeforeClass setup -->
  <testcase classname="com.Edvak_EHR_Automation_V1.testCases.TC_StatementReady" name="@BeforeClass setup" time="-1.726730891364E9">
    <skipped/>
  </testcase> <!-- @BeforeClass setup -->
  <testcase classname="com.Edvak_EHR_Automation_V1.testCases.BaseClass" name="@AfterMethod captureScreen" time="-1.726730891366E9">
    <skipped/>
  </testcase> <!-- @AfterMethod captureScreen -->
  <testcase classname="com.Edvak_EHR_Automation_V1.testCases.BaseClass" name="@AfterClass tearDown" time="-1.726730891383E9">
    <skipped/>
  </testcase> <!-- @AfterClass tearDown -->
  <testcase classname="com.Edvak_EHR_Automation_V1.testCases.TC_StatementReady" name="testQuickRegistration" time="0.0">
    <skipped/>
  </testcase> <!-- testQuickRegistration -->
  <testcase classname="com.Edvak_EHR_Automation_V1.testCases.TC_ManageClaims" name="Filter" time="0.0">
    <skipped/>
  </testcase> <!-- Filter -->
  <testcase classname="com.Edvak_EHR_Automation_V1.testCases.TC_StatementReady" name="ManageClaims" time="0.0">
    <skipped/>
  </testcase> <!-- ManageClaims -->
</testsuite> <!-- Command line test -->
