<?xml version="1.0" encoding="UTF-8"?>
<testng-results ignored="0" total="2" passed="2" failed="0" skipped="0">
  <reporter-output>
  </reporter-output>
  <suite started-at="2025-06-19T11:58:04 IST" name="Edvak_EHR_Automation_V1" finished-at="2025-06-19T12:01:59 IST" duration-ms="235373">
    <groups>
    </groups>
    <test started-at="2025-06-19T11:58:04 IST" name="TestCases1" finished-at="2025-06-19T12:01:59 IST" duration-ms="235373">
      <class name="com.Edvak_EHR_Automation_V1.testCases.TC_Payment">
        <test-method is-config="true" signature="setup(java.lang.String)[pri:0, instance:com.Edvak_EHR_Automation_V1.testCases.TC_Payment@7df64a64]" started-at="2025-06-19T11:58:04 IST" name="setup" finished-at="2025-06-19T11:58:05 IST" duration-ms="1630" status="PASS">
          <params>
            <param index="0">
              <value>
                <![CDATA[chrome]]>
              </value>
            </param>
          </params>
          <reporter-output>
          </reporter-output>
        </test-method> <!-- setup -->
        <test-method signature="testQuickRegistration()[pri:0, instance:com.Edvak_EHR_Automation_V1.testCases.TC_Payment@7df64a64]" started-at="2025-06-19T11:58:05 IST" name="testQuickRegistration" finished-at="2025-06-19T11:58:31 IST" duration-ms="26141" status="PASS">
          <reporter-output>
          </reporter-output>
        </test-method> <!-- testQuickRegistration -->
        <test-method is-config="true" signature="afterTestResult(org.testng.ITestResult)[pri:0, instance:com.Edvak_EHR_Automation_V1.testCases.TC_Payment@7df64a64]" started-at="2025-06-19T11:58:31 IST" name="afterTestResult" finished-at="2025-06-19T11:58:31 IST" duration-ms="10" status="PASS">
          <params>
            <param index="0">
              <value>
                <![CDATA[[TestResult name=testQuickRegistration status=SUCCESS method=TC_Payment.testQuickRegistration()[pri:0, instance:com.Edvak_EHR_Automation_V1.testCases.TC_Payment@7df64a64] output={null}]]]>
              </value>
            </param>
          </params>
          <reporter-output>
          </reporter-output>
        </test-method> <!-- afterTestResult -->
        <test-method is-config="true" signature="captureScreen(org.testng.ITestResult)[pri:0, instance:com.Edvak_EHR_Automation_V1.testCases.TC_Payment@7df64a64]" started-at="2025-06-19T11:58:31 IST" name="captureScreen" finished-at="2025-06-19T11:58:31 IST" duration-ms="0" status="PASS">
          <params>
            <param index="0">
              <value>
                <![CDATA[[TestResult name=testQuickRegistration status=SUCCESS method=TC_Payment.testQuickRegistration()[pri:0, instance:com.Edvak_EHR_Automation_V1.testCases.TC_Payment@7df64a64] output={null}]]]>
              </value>
            </param>
          </params>
          <reporter-output>
          </reporter-output>
        </test-method> <!-- captureScreen -->
        <test-method signature="payment(java.lang.String,java.lang.String,java.lang.String,java.lang.String)[pri:1, instance:com.Edvak_EHR_Automation_V1.testCases.TC_Payment@7df64a64]" started-at="2025-06-19T11:58:31 IST" name="payment" data-provider="combinedDataProvider" finished-at="2025-06-19T12:01:59 IST" depends-on-methods="com.Edvak_EHR_Automation_V1.testCases.TC_Payment.testQuickRegistration" duration-ms="207580" status="PASS">
          <params>
            <param index="0">
              <value>
                <![CDATA[C0618CAAD44271]]>
              </value>
            </param>
            <param index="1">
              <value>
                <![CDATA[Clearing House]]>
              </value>
            </param>
            <param index="2">
              <value>
                <![CDATA[06-18-2025]]>
              </value>
            </param>
            <param index="3">
              <value>
                <![CDATA[06-19-2025]]>
              </value>
            </param>
          </params>
          <reporter-output>
          </reporter-output>
        </test-method> <!-- payment -->
        <test-method is-config="true" signature="afterTestResult(org.testng.ITestResult)[pri:0, instance:com.Edvak_EHR_Automation_V1.testCases.TC_Payment@7df64a64]" started-at="2025-06-19T12:01:59 IST" name="afterTestResult" finished-at="2025-06-19T12:01:59 IST" duration-ms="3" status="PASS">
          <params>
            <param index="0">
              <value>
                <![CDATA[[TestResult name=payment status=SUCCESS method=TC_Payment.payment(java.lang.String,java.lang.String,java.lang.String,java.lang.String)[pri:1, instance:com.Edvak_EHR_Automation_V1.testCases.TC_Payment@7df64a64] output={null}]]]>
              </value>
            </param>
          </params>
          <reporter-output>
          </reporter-output>
        </test-method> <!-- afterTestResult -->
        <test-method is-config="true" signature="captureScreen(org.testng.ITestResult)[pri:0, instance:com.Edvak_EHR_Automation_V1.testCases.TC_Payment@7df64a64]" started-at="2025-06-19T12:01:59 IST" name="captureScreen" finished-at="2025-06-19T12:01:59 IST" duration-ms="1" status="PASS">
          <params>
            <param index="0">
              <value>
                <![CDATA[[TestResult name=payment status=SUCCESS method=TC_Payment.payment(java.lang.String,java.lang.String,java.lang.String,java.lang.String)[pri:1, instance:com.Edvak_EHR_Automation_V1.testCases.TC_Payment@7df64a64] output={null}]]]>
              </value>
            </param>
          </params>
          <reporter-output>
          </reporter-output>
        </test-method> <!-- captureScreen -->
        <test-method is-config="true" signature="tearDown()[pri:0, instance:com.Edvak_EHR_Automation_V1.testCases.TC_Payment@7df64a64]" started-at="2025-06-19T12:01:59 IST" name="tearDown" finished-at="2025-06-19T12:01:59 IST" duration-ms="0" status="PASS">
          <reporter-output>
          </reporter-output>
        </test-method> <!-- tearDown -->
      </class> <!-- com.Edvak_EHR_Automation_V1.testCases.TC_Payment -->
    </test> <!-- TestCases1 -->
  </suite> <!-- Edvak_EHR_Automation_V1 -->
</testng-results>
